[debug] [2018-08-07T06:13:38.627Z] ----------------------------------------------------------------------
[debug] [2018-08-07T06:13:38.630Z] Command:       /usr/local/bin/node /usr/local/bin/firebase serve
[debug] [2018-08-07T06:13:38.630Z] CLI Version:   4.0.0
[debug] [2018-08-07T06:13:38.630Z] Platform:      darwin
[debug] [2018-08-07T06:13:38.630Z] Node Version:  v8.11.3
[debug] [2018-08-07T06:13:38.631Z] Time:          Tue Aug 07 2018 01:13:38 GMT-0500 (CDT)
[debug] [2018-08-07T06:13:38.631Z] ----------------------------------------------------------------------
[debug] 
[debug] [2018-08-07T06:13:38.643Z] > command requires scopes: ["email","openid","https://www.googleapis.com/auth/cloudplatformprojects.readonly","https://www.googleapis.com/auth/firebase","https://www.googleapis.com/auth/cloud-platform"]
[debug] [2018-08-07T06:13:38.643Z] > authorizing via signed-in user
[debug] [2018-08-07T06:13:38.645Z] >>> HTTP REQUEST GET https://admin.firebase.com/v1/projects/kodecamp-ddca1  
  
 Tue Aug 07 2018 01:13:38 GMT-0500 (CDT)
[debug] [2018-08-07T06:13:39.065Z] <<< HTTP RESPONSE 200
[debug] [2018-08-07T06:13:39.066Z] >>> HTTP REQUEST GET https://admin.firebase.com/v1/database/kodecamp-ddca1/tokens  
  
 Tue Aug 07 2018 01:13:39 GMT-0500 (CDT)
[debug] [2018-08-07T06:13:39.526Z] <<< HTTP RESPONSE 200
[debug] [2018-08-07T06:13:39.527Z] >>> HTTP REQUEST GET https://cloudresourcemanager.googleapis.com/v1/projects/kodecamp-ddca1  
  
 Tue Aug 07 2018 01:13:39 GMT-0500 (CDT)
[debug] [2018-08-07T06:13:40.092Z] <<< HTTP RESPONSE 200
[info] 
[info] === Serving from '/Users/davidmoranchel/kodemia/cvBuilder'...
[info] 
[debug] [2018-08-07T06:13:40.095Z] >>> HTTP REQUEST GET https://mobilesdk-pa.googleapis.com/v1/projects/387601414926/clients/_:getWebAppConfig  
  
 Tue Aug 07 2018 01:13:40 GMT-0500 (CDT)
[debug] [2018-08-07T06:13:40.555Z] <<< HTTP RESPONSE 200
[info] i  hosting: Serving hosting files from: public
[info] ✔  hosting: Local server: http://localhost:5000

